Base path: '/Applications/Unity/Hub/Editor/2019.4.9f1/Unity.app/Contents', plugins path '/Applications/Unity/Hub/Editor/2019.4.9f1/Unity.app/Contents/PlaybackEngines'
Cmd: initializeCompiler
Cmd: compileComputeKernel
  api=14 insize=7985 outsize=2923 ok=1
Cmd: translateComputeKernel
  api=14 insize=2846 outsize=3200 ok=1
Cmd: compileComputeKernel
  api=14 insize=4264 outsize=2783 ok=1
Cmd: translateComputeKernel
  api=14 insize=2787 outsize=3775 ok=1
Cmd: compileComputeKernel
  api=14 insize=21333 outsize=2984 ok=1
Cmd: compileComputeKernel
  api=14 insize=21333 outsize=3198 ok=1
Cmd: compileComputeKernel
  api=14 insize=21333 outsize=2869 ok=1
Cmd: compileComputeKernel
  api=14 insize=21333 outsize=2769 ok=1
Cmd: compileComputeKernel
  api=14 insize=21333 outsize=3351 ok=1
Cmd: translateComputeKernel
  api=14 insize=4545 outsize=6643 ok=1
Cmd: translateComputeKernel
  api=14 insize=3005 outsize=2902 ok=1
Cmd: translateComputeKernel
  api=14 insize=3586 outsize=4150 ok=1
Cmd: translateComputeKernel
  api=14 insize=3557 outsize=4177 ok=1
Cmd: compileComputeKernel
  api=14 insize=839 outsize=1021 ok=1
Cmd: compileComputeKernel
  api=14 insize=4919 outsize=3408 ok=1
Cmd: translateComputeKernel
  api=14 insize=4242 outsize=5299 ok=1
Cmd: translateComputeKernel
  api=14 insize=3693 outsize=6358 ok=1
Cmd: compileComputeKernel
  api=14 insize=14905 outsize=2102 ok=1
Cmd: compileComputeKernel
  api=14 insize=14905 outsize=2201 ok=1
Cmd: compileComputeKernel
  api=14 insize=14905 outsize=2152 ok=1
Cmd: translateComputeKernel
  api=14 insize=2132 outsize=2636 ok=1
Cmd: translateComputeKernel
  api=14 insize=2272 outsize=2842 ok=1
Cmd: translateComputeKernel
  api=14 insize=2263 outsize=2836 ok=1
Cmd: translateComputeKernel
  api=14 insize=2119 outsize=2633 ok=1
Cmd: compileComputeKernel
  api=14 insize=10215 outsize=4437 ok=1
Cmd: compileComputeKernel
  error: 1 plat 14 at Tensor.cginc(112): use of potentially uninitialized variable (ReadonlyTensor::SafeGet)
  error: 1 plat 14 at Tensor.cginc(279): use of potentially uninitialized variable (SharedTensor::SafeGet)
  api=14 insize=10663 outsize=7488 ok=1
