Base path: '/Applications/Unity/Hub/Editor/2019.4.9f1/Unity.app/Contents', plugins path '/Applications/Unity/Hub/Editor/2019.4.9f1/Unity.app/Contents/PlaybackEngines'
Cmd: initializeCompiler
Cmd: compileComputeKernel
  api=14 insize=7985 outsize=2700 ok=1
Cmd: translateComputeKernel
  api=14 insize=3059 outsize=3606 ok=1
Cmd: compileComputeKernel
  api=14 insize=4264 outsize=2787 ok=1
Cmd: translateComputeKernel
  api=14 insize=2783 outsize=3772 ok=1
Cmd: compileComputeKernel
  error: 1 plat 14 at Tensor.cginc(112): use of potentially uninitialized variable (ReadonlyTensor::SafeGet)
  api=14 insize=21333 outsize=4271 ok=1
Cmd: compileComputeKernel
  api=14 insize=21333 outsize=2788 ok=1
Cmd: compileComputeKernel
  api=14 insize=21333 outsize=3182 ok=1
Cmd: compileComputeKernel
  api=14 insize=21333 outsize=3322 ok=1
Cmd: translateComputeKernel
  api=14 insize=3324 outsize=3317 ok=1
Cmd: translateComputeKernel
  api=14 insize=3220 outsize=3287 ok=1
Cmd: translateComputeKernel
  api=14 insize=2980 outsize=2910 ok=1
Cmd: compileComputeKernel
  api=14 insize=1250 outsize=2266 ok=1
Cmd: compileComputeKernel
  api=14 insize=14905 outsize=2165 ok=1
Cmd: compileComputeKernel
  api=14 insize=14905 outsize=2224 ok=1
Cmd: compileComputeKernel
  api=14 insize=14905 outsize=2137 ok=1
Cmd: translateComputeKernel
  api=14 insize=2312 outsize=2868 ok=1
Cmd: translateComputeKernel
  api=14 insize=2254 outsize=2609 ok=1
Cmd: translateComputeKernel
  api=14 insize=2200 outsize=2568 ok=1
Cmd: translateComputeKernel
  api=14 insize=2159 outsize=2659 ok=1
Cmd: translateComputeKernel
  api=14 insize=2555 outsize=3341 ok=1
Cmd: compileComputeKernel
  api=14 insize=10663 outsize=3883 ok=1
Cmd: compileSnippet
  api=14 type=0 insize=41108 outsize=2933 kw=UNITY_PASS_FORWARDBASE DIRECTIONAL LIGHTPROBE_SH pd=UNITY_ENABLE_REFLECTION_BUFFERS UNITY_USE_DITHER_MASK_FOR_ALPHABLENDED_SHADOWS UNITY_PBS_USE_BRDF1 UNITY_SPECCUBE_BOX_PROJECTION UNITY_SPECCUBE_BLENDING UNITY_ENABLE_DETAIL_NORMALMAP SHADER_API_DESKTOP UNITY_COLORSPACE_GAMMA UNITY_LIGHT_PROBE_PROXY_VOLUME UNITY_LIGHTMAP_FULL_HDR ok=1
